  base64.cpp
base64.cpp(96): warning C4267: '=': conversion from 'size_t' to 'unsigned char', possible loss of data
base64.cpp(113): warning C4267: '=': conversion from 'size_t' to 'unsigned char', possible loss of data
  HMAC_SHA1.cpp
  oauthlib.cpp
oauthlib.cpp(259): warning C4996: 'sprintf': This function or variable may be unsafe. Consider using sprintf_s instead. To disable deprecation, use _CRT_SECURE_NO_WARNINGS. See online help for details.
  C:\Program Files (x86)\Windows Kits\10\Include\10.0.16299.0\ucrt\stdio.h(1772): note: see declaration of 'sprintf'
oauthlib.cpp(260): warning C4477: 'sprintf' : format string '%ld' requires an argument of type 'long', but variadic argument 1 has type 'time_t'
  oauthlib.cpp(260): note: consider using '%lld' in the format string
  oauthlib.cpp(260): note: consider using '%I64d' in the format string
oauthlib.cpp(260): warning C4996: 'sprintf': This function or variable may be unsafe. Consider using sprintf_s instead. To disable deprecation, use _CRT_SECURE_NO_WARNINGS. See online help for details.
  C:\Program Files (x86)\Windows Kits\10\Include\10.0.16299.0\ucrt\stdio.h(1772): note: see declaration of 'sprintf'
  SHA1.cpp
SHA1.cpp(168): warning C4996: 'fopen': This function or variable may be unsafe. Consider using fopen_s instead. To disable deprecation, use _CRT_SECURE_NO_WARNINGS. See online help for details.
  C:\Program Files (x86)\Windows Kits\10\Include\10.0.16299.0\ucrt\stdio.h(207): note: see declaration of 'fopen'
SHA1.cpp(247): warning C4996: 'strcat': This function or variable may be unsafe. Consider using strcat_s instead. To disable deprecation, use _CRT_SECURE_NO_WARNINGS. See online help for details.
  C:\Program Files (x86)\Windows Kits\10\Include\10.0.16299.0\ucrt\string.h(89): note: see declaration of 'strcat'
SHA1.cpp(252): warning C4996: 'strcat': This function or variable may be unsafe. Consider using strcat_s instead. To disable deprecation, use _CRT_SECURE_NO_WARNINGS. See online help for details.
  C:\Program Files (x86)\Windows Kits\10\Include\10.0.16299.0\ucrt\string.h(89): note: see declaration of 'strcat'
SHA1.cpp(258): warning C4996: 'strcat': This function or variable may be unsafe. Consider using strcat_s instead. To disable deprecation, use _CRT_SECURE_NO_WARNINGS. See online help for details.
  C:\Program Files (x86)\Windows Kits\10\Include\10.0.16299.0\ucrt\string.h(89): note: see declaration of 'strcat'
SHA1.cpp(263): warning C4996: 'strcat': This function or variable may be unsafe. Consider using strcat_s instead. To disable deprecation, use _CRT_SECURE_NO_WARNINGS. See online help for details.
  C:\Program Files (x86)\Windows Kits\10\Include\10.0.16299.0\ucrt\string.h(89): note: see declaration of 'strcat'
SHA1.cpp(266): warning C4996: 'strcpy': This function or variable may be unsafe. Consider using strcpy_s instead. To disable deprecation, use _CRT_SECURE_NO_WARNINGS. See online help for details.
  C:\Program Files (x86)\Windows Kits\10\Include\10.0.16299.0\ucrt\string.h(132): note: see declaration of 'strcpy'
SHA1.cpp(246): warning C4996: 'sprintf': This function or variable may be unsafe. Consider using sprintf_s instead. To disable deprecation, use _CRT_SECURE_NO_WARNINGS. See online help for details.
  C:\Program Files (x86)\Windows Kits\10\Include\10.0.16299.0\ucrt\stdio.h(1772): note: see declaration of 'sprintf'
SHA1.cpp(251): warning C4996: 'sprintf': This function or variable may be unsafe. Consider using sprintf_s instead. To disable deprecation, use _CRT_SECURE_NO_WARNINGS. See online help for details.
  C:\Program Files (x86)\Windows Kits\10\Include\10.0.16299.0\ucrt\stdio.h(1772): note: see declaration of 'sprintf'
SHA1.cpp(257): warning C4996: 'sprintf': This function or variable may be unsafe. Consider using sprintf_s instead. To disable deprecation, use _CRT_SECURE_NO_WARNINGS. See online help for details.
  C:\Program Files (x86)\Windows Kits\10\Include\10.0.16299.0\ucrt\stdio.h(1772): note: see declaration of 'sprintf'
SHA1.cpp(262): warning C4996: 'sprintf': This function or variable may be unsafe. Consider using sprintf_s instead. To disable deprecation, use _CRT_SECURE_NO_WARNINGS. See online help for details.
  C:\Program Files (x86)\Windows Kits\10\Include\10.0.16299.0\ucrt\stdio.h(1772): note: see declaration of 'sprintf'
  twitcurl.cpp
  urlencode.cpp
  Generating Code...
C:\Program Files (x86)\Microsoft Visual Studio\2017\Community\Common7\IDE\VC\VCTargets\Microsoft.CppBuild.targets(1371,5): warning MSB8012: TargetPath(C:\Users\Adam\Desktop\twitcurl\libtwitcurl\.\Release\twitcurl.lib) does not match the Library's OutputFile property value (C:\Users\Adam\Desktop\twitcurl\twitterClient\lib\twitcurl.lib). This may cause your project to build incorrectly. To correct this, please make sure that $(OutDir), $(TargetName) and $(TargetExt) property values match the value specified in %(Lib.OutputFile).
libcurl.lib(GDI32.dll) : warning LNK4006: __NULL_IMPORT_DESCRIPTOR already defined in libcurl.lib(USER32.dll); second definition ignored
libcurl.lib(GDI32.dll) : warning LNK4221: This object file does not define any previously undefined public symbols, so it will not be used by any link operation that consumes this library
libcurl.lib(SSLEAY32.dll) : warning LNK4006: __NULL_IMPORT_DESCRIPTOR already defined in libcurl.lib(USER32.dll); second definition ignored
libcurl.lib(SSLEAY32.dll) : warning LNK4221: This object file does not define any previously undefined public symbols, so it will not be used by any link operation that consumes this library
libcurl.lib(LIBEAY32.dll) : warning LNK4006: __NULL_IMPORT_DESCRIPTOR already defined in libcurl.lib(USER32.dll); second definition ignored
libcurl.lib(LIBEAY32.dll) : warning LNK4221: This object file does not define any previously undefined public symbols, so it will not be used by any link operation that consumes this library
libcurl.lib(ADVAPI32.dll) : warning LNK4006: __NULL_IMPORT_DESCRIPTOR already defined in libcurl.lib(USER32.dll); second definition ignored
libcurl.lib(ADVAPI32.dll) : warning LNK4221: This object file does not define any previously undefined public symbols, so it will not be used by any link operation that consumes this library
libcurl.lib(WLDAP32.dll) : warning LNK4006: __NULL_IMPORT_DESCRIPTOR already defined in libcurl.lib(USER32.dll); second definition ignored
libcurl.lib(WLDAP32.dll) : warning LNK4221: This object file does not define any previously undefined public symbols, so it will not be used by any link operation that consumes this library
libcurl.lib(WS2_32.dll) : warning LNK4006: __NULL_IMPORT_DESCRIPTOR already defined in libcurl.lib(USER32.dll); second definition ignored
libcurl.lib(WS2_32.dll) : warning LNK4221: This object file does not define any previously undefined public symbols, so it will not be used by any link operation that consumes this library
  twitcurl.vcxproj -> C:\Users\Adam\Desktop\twitcurl\libtwitcurl\.\Release\twitcurl.lib
